DEBUG:root:Check for name is alphabet
DEBUG:root:Check for name is alphabet
DEBUG:root:Failed all Checks
DEBUG:root:Check for full name
DEBUG:root:Check for full name
DEBUG:root:Check for full name
DEBUG:root:Check for full name
DEBUG:root:Check for full name
DEBUG:root:Check for full name
DEBUG:root:Check for full name
DEBUG:root:Check for full name
DEBUG:root:Check for full name
DEBUG:root:Check for full name
DEBUG:root:Check for full name
DEBUG:root:Check for full name
DEBUG:root:Check for name is alphabet
DEBUG:root:Check for full name
DEBUG:root:Check for full name
DEBUG:root:Check for name is alphabet
DEBUG:root:checking for name is alphabet
DEBUG:root:sum is:
DEBUG:root:Checking b is greater than a or not
DEBUG:root:sum is:
DEBUG:root:1
DEBUG:root:Checking b is greater than a or not
DEBUG:root:1
DEBUG:root:3
DEBUG:root:6
DEBUG:root:10
DEBUG:root:1
DEBUG:root:3
DEBUG:root:6
DEBUG:root:10
DEBUG:root:15
